Performing C SOURCE FILE Test CMAKE_HAVE_LIBC_PTHREAD failed with the following output:
Change Dir: /home/user/Bureau/atmproject/mycuda01/cppmysql1/build/CMakeFiles/CMakeTmp

Run Build Command(s):/usr/bin/make cmTC_1f66d/fast && /usr/bin/make -f CMakeFiles/cmTC_1f66d.dir/build.make CMakeFiles/cmTC_1f66d.dir/build
make[1] : on entre dans le répertoire « /home/user/Bureau/atmproject/mycuda01/cppmysql1/build/CMakeFiles/CMakeTmp »
Building C object CMakeFiles/cmTC_1f66d.dir/src.c.o
/usr/bin/cc   -DCMAKE_HAVE_LIBC_PTHREAD   -o CMakeFiles/cmTC_1f66d.dir/src.c.o   -c /home/user/Bureau/atmproject/mycuda01/cppmysql1/build/CMakeFiles/CMakeTmp/src.c
Linking C executable cmTC_1f66d
/usr/bin/cmake -E cmake_link_script CMakeFiles/cmTC_1f66d.dir/link.txt --verbose=1
/usr/bin/cc  -DCMAKE_HAVE_LIBC_PTHREAD    CMakeFiles/cmTC_1f66d.dir/src.c.o  -o cmTC_1f66d 
/usr/bin/ld : CMakeFiles/cmTC_1f66d.dir/src.c.o : dans la fonction « main » :
src.c:(.text+0x46) : référence indéfinie vers « pthread_create »
/usr/bin/ld : src.c:(.text+0x52) : référence indéfinie vers « pthread_detach »
/usr/bin/ld : src.c:(.text+0x63) : référence indéfinie vers « pthread_join »
collect2: error: ld returned 1 exit status
make[1]: *** [CMakeFiles/cmTC_1f66d.dir/build.make:87 : cmTC_1f66d] Erreur 1
make[1] : on quitte le répertoire « /home/user/Bureau/atmproject/mycuda01/cppmysql1/build/CMakeFiles/CMakeTmp »
make: *** [Makefile:121 : cmTC_1f66d/fast] Erreur 2


Source file was:
#include <pthread.h>

void* test_func(void* data)
{
  return data;
}

int main(void)
{
  pthread_t thread;
  pthread_create(&thread, NULL, test_func, NULL);
  pthread_detach(thread);
  pthread_join(thread, NULL);
  pthread_atfork(NULL, NULL, NULL);
  pthread_exit(NULL);

  return 0;
}

